mode: set
cep_weather/application/app/error.go:23.41,26.27 2 0
cep_weather/application/app/error.go:26.27,28.3 1 0
cep_weather/application/app/error.go:30.2,30.15 1 0
cep_weather/infra/config/env.go:16.28,17.19 1 1
cep_weather/infra/config/env.go:17.19,19.3 1 1
cep_weather/infra/config/env.go:21.2,26.15 2 1
cep_weather/infra/config/env.go:29.38,31.17 2 1
cep_weather/infra/config/env.go:31.17,32.65 1 1
cep_weather/infra/config/env.go:34.2,34.14 1 1
cep_weather/infra/config/env.go:37.35,39.20 2 1
cep_weather/infra/config/env.go:39.20,40.65 1 1
cep_weather/infra/config/env.go:43.2,44.16 2 1
cep_weather/infra/config/env.go:44.16,45.77 1 1
cep_weather/infra/config/env.go:48.2,48.14 1 1
cep_weather/application/app/error.go:23.41,26.27 2 1
cep_weather/application/app/error.go:26.27,28.3 1 1
cep_weather/application/app/error.go:30.2,30.15 1 1
cep_weather/application/usecases/cep.go:14.62,16.2 1 1
cep_weather/application/usecases/cep.go:18.75,19.19 1 1
cep_weather/application/usecases/cep.go:19.19,25.3 1 1
cep_weather/application/usecases/cep.go:27.2,29.16 2 1
cep_weather/application/usecases/cep.go:29.16,34.3 1 1
cep_weather/application/usecases/cep.go:36.2,36.22 1 1
cep_weather/application/usecases/cep.go:36.22,42.3 1 1
cep_weather/application/usecases/cep.go:44.2,44.19 1 1
cep_weather/application/usecases/cep.go:47.65,50.2 1 1
cep_weather/application/usecases/weather.go:15.74,17.2 1 1
cep_weather/application/usecases/weather.go:19.92,22.16 2 1
cep_weather/application/usecases/weather.go:22.16,27.3 1 1
cep_weather/application/usecases/weather.go:29.2,33.8 1 1
cep_weather/application/usecases/weather.go:36.79,40.2 2 1
cep_weather/application/usecases/weather.go:42.75,46.2 2 1
cep_weather/application/app/error.go:23.41,26.27 2 1
cep_weather/application/app/error.go:26.27,28.3 1 1
cep_weather/application/app/error.go:30.2,30.15 1 1
cep_weather/infra/handlers/cep.go:16.110,21.2 1 1
cep_weather/infra/handlers/cep.go:23.58,28.16 3 1
cep_weather/infra/handlers/cep.go:28.16,34.3 1 1
cep_weather/infra/handlers/cep.go:36.2,38.16 2 1
cep_weather/infra/handlers/cep.go:38.16,44.3 1 1
cep_weather/infra/handlers/cep.go:46.2,46.47 1 1
cep_weather/application/app/error.go:23.41,26.27 2 0
cep_weather/application/app/error.go:26.27,28.3 1 0
cep_weather/application/app/error.go:30.2,30.15 1 0
cep_weather/infra/repositories/cep.go:15.62,17.2 1 1
cep_weather/infra/repositories/cep.go:19.74,21.16 2 1
cep_weather/infra/repositories/cep.go:21.16,23.3 1 1
cep_weather/infra/repositories/cep.go:25.2,25.49 1 1
cep_weather/infra/repositories/cep.go:25.49,27.3 1 1
cep_weather/infra/repositories/cep.go:29.2,32.75 3 1
cep_weather/infra/repositories/cep.go:32.75,34.3 1 1
cep_weather/infra/repositories/cep.go:36.2,36.29 1 1
cep_weather/infra/repositories/weather.go:18.70,20.2 1 1
cep_weather/infra/repositories/weather.go:22.84,28.16 4 1
cep_weather/infra/repositories/weather.go:28.16,30.3 1 1
cep_weather/infra/repositories/weather.go:32.2,32.49 1 1
cep_weather/infra/repositories/weather.go:32.49,34.3 1 1
cep_weather/infra/repositories/weather.go:36.2,39.16 3 1
cep_weather/infra/repositories/weather.go:39.16,41.3 1 1
cep_weather/infra/repositories/weather.go:43.2,45.16 3 1
cep_weather/infra/repositories/weather.go:45.16,47.3 1 1
cep_weather/infra/repositories/weather.go:49.2,49.22 1 1
cep_weather/cmd/server/main.go:15.13,35.40 11 0
cep_weather/cmd/server/main.go:35.40,37.3 1 0
cep_weather/cmd/server/main.go:39.2,40.35 2 0
cep_weather/infra/repositories/http/http_client.go:13.67,15.2 1 1
cep_weather/infra/repositories/http/http_client.go:17.69,19.2 1 1
cep_weather/infra/server/server.go:15.47,26.2 3 1
cep_weather/infra/server/server.go:28.82,29.16 1 1
cep_weather/infra/server/server.go:30.22,31.31 1 1
cep_weather/infra/server/server.go:32.23,33.32 1 1
cep_weather/infra/server/server.go:34.22,35.31 1 1
cep_weather/infra/server/server.go:36.25,37.34 1 1
cep_weather/infra/server/server.go:38.10,39.50 1 0
cep_weather/infra/server/server.go:39.50,41.4 1 0
cep_weather/infra/server/server.go:45.37,48.2 2 0
cep_weather/infra/server/server.go:50.36,53.2 2 0
cep_weather/infra/server/server.go:55.41,57.2 1 1
